  main.cpp
C:\CV\C++Projects\RayTracer\vec3.h(32,63): warning C4244: 'argument': conversion from 'double' to 'const float', possible loss of data
C:\CV\C++Projects\RayTracer\vec3.h(52,10): warning C4244: 'initializing': conversion from 'double' to 'float', possible loss of data
C:\CV\C++Projects\RayTracer\vec3.h(145,12): warning C4244: 'return': conversion from 'double' to 'float', possible loss of data
C:\CV\C++Projects\RayTracer\hitable_list.h(19,30): warning C4244: 'argument': conversion from 'double' to 'float', possible loss of data
C:\CV\C++Projects\RayTracer\sphere.h(46,76): warning C4244: 'argument': conversion from 'double' to 'float', possible loss of data
C:\CV\C++Projects\RayTracer\sphere.h(46,47): warning C4244: 'argument': conversion from 'double' to 'float', possible loss of data
C:\CV\C++Projects\RayTracer\sphere.h(46,18): warning C4244: 'argument': conversion from 'double' to 'float', possible loss of data
C:\CV\C++Projects\RayTracer\sphere.h(46,7): warning C4305: 'argument': truncation from 'double' to 'float'
C:\CV\C++Projects\RayTracer\camera.h(9,60): warning C4244: 'argument': conversion from 'double' to 'float', possible loss of data
C:\CV\C++Projects\RayTracer\camera.h(9,33): warning C4244: 'argument': conversion from 'double' to 'float', possible loss of data
C:\CV\C++Projects\RayTracer\camera.h(18,15): warning C4244: 'initializing': conversion from 'double' to 'float', possible loss of data
C:\CV\C++Projects\RayTracer\material.h(25,64): warning C4244: '=': conversion from 'float' to 'int', possible loss of data
C:\CV\C++Projects\RayTracer\material.h(28,38): warning C4244: 'argument': conversion from 'const int' to 'float', possible loss of data
C:\CV\C++Projects\RayTracer\material.h(55,21): warning C4244: '=': conversion from 'double' to 'float', possible loss of data
C:\CV\C++Projects\RayTracer\main.cpp(13,20): warning C4305: 'argument': truncation from 'double' to 'float'
C:\CV\C++Projects\RayTracer\main.cpp(27,11): warning C4244: 'initializing': conversion from 'double' to 'float', possible loss of data
C:\CV\C++Projects\RayTracer\main.cpp(28,10): warning C4244: 'argument': conversion from 'double' to 'float', possible loss of data
C:\CV\C++Projects\RayTracer\main.cpp(28,58): warning C4305: 'argument': truncation from 'double' to 'float'
C:\CV\C++Projects\RayTracer\main.cpp(39,21): warning C4244: 'initializing': conversion from 'double' to 'float', possible loss of data
C:\CV\C++Projects\RayTracer\main.cpp(40,60): warning C4244: 'argument': conversion from 'double' to 'float', possible loss of data
C:\CV\C++Projects\RayTracer\main.cpp(40,53): warning C4305: 'argument': truncation from 'double' to 'float'
C:\CV\C++Projects\RayTracer\main.cpp(40,18): warning C4244: 'argument': conversion from 'double' to 'float', possible loss of data
C:\CV\C++Projects\RayTracer\main.cpp(42,205): warning C4244: 'argument': conversion from 'double' to 'float', possible loss of data
C:\CV\C++Projects\RayTracer\main.cpp(42,146): warning C4244: 'argument': conversion from 'double' to 'float', possible loss of data
C:\CV\C++Projects\RayTracer\main.cpp(42,88): warning C4244: 'argument': conversion from 'double' to 'float', possible loss of data
C:\CV\C++Projects\RayTracer\main.cpp(42,36): warning C4305: 'argument': truncation from 'double' to 'float'
C:\CV\C++Projects\RayTracer\main.cpp(45,135): warning C4244: 'argument': conversion from 'double' to 'float', possible loss of data
C:\CV\C++Projects\RayTracer\main.cpp(45,96): warning C4244: 'argument': conversion from 'double' to 'float', possible loss of data
C:\CV\C++Projects\RayTracer\main.cpp(45,59): warning C4244: 'argument': conversion from 'double' to 'float', possible loss of data
C:\CV\C++Projects\RayTracer\main.cpp(45,175): warning C4244: 'argument': conversion from 'double' to 'float', possible loss of data
C:\CV\C++Projects\RayTracer\main.cpp(45,36): warning C4305: 'argument': truncation from 'double' to 'float'
C:\CV\C++Projects\RayTracer\main.cpp(48,36): warning C4305: 'argument': truncation from 'double' to 'float'
C:\CV\C++Projects\RayTracer\main.cpp(53,70): warning C4305: 'argument': truncation from 'double' to 'float'
C:\CV\C++Projects\RayTracer\main.cpp(53,66): warning C4305: 'argument': truncation from 'double' to 'float'
C:\CV\C++Projects\RayTracer\main.cpp(53,62): warning C4305: 'argument': truncation from 'double' to 'float'
C:\CV\C++Projects\RayTracer\main.cpp(54,60): warning C4305: 'argument': truncation from 'double' to 'float'
C:\CV\C++Projects\RayTracer\main.cpp(54,56): warning C4305: 'argument': truncation from 'double' to 'float'
C:\CV\C++Projects\RayTracer\main.cpp(94,17): warning C4305: 'initializing': truncation from 'double' to 'float'
C:\CV\C++Projects\RayTracer\main.cpp(96,15): warning C4101: 'number': unreferenced local variable
C:\CV\C++Projects\RayTracer\main.cpp(122,1): warning C4715: 'SDL_main': not all control paths return a value
  RayTracer.vcxproj -> C:\CV\C++Projects\RayTracer\x64\Debug\RayTracer.exe
