  Audio.cpp
  Camera.cpp
  CatmullRom.cpp
  Cubemap.cpp
  FaceVertexMesh.cpp
C:\Users\krzy0\Documents\GitHub\Portfolio\ComputerGraphics\OpenGLTemplate\FaceVertexMesh.cpp(116,47): warning C4267: 'argument': conversion from 'size_t' to 'GLsizei', possible loss of data
  FreeTypeFont.cpp
  Game.cpp
C:\Users\krzy0\Documents\GitHub\Portfolio\ComputerGraphics\OpenGLTemplate\Game.cpp(493,34): warning C4244: 'argument': conversion from 'double' to 'float', possible loss of data
C:\Users\krzy0\Documents\GitHub\Portfolio\ComputerGraphics\OpenGLTemplate\Game.cpp(607,25): warning C4244: '+=': conversion from 'double' to 'float', possible loss of data
C:\Users\krzy0\Documents\GitHub\Portfolio\ComputerGraphics\OpenGLTemplate\Game.cpp(613,25): warning C4244: '-=': conversion from 'double' to 'float', possible loss of data
C:\Users\krzy0\Documents\GitHub\Portfolio\ComputerGraphics\OpenGLTemplate\Game.cpp(620,25): warning C4244: '+=': conversion from 'double' to 'float', possible loss of data
C:\Users\krzy0\Documents\GitHub\Portfolio\ComputerGraphics\OpenGLTemplate\Game.cpp(626,25): warning C4244: '-=': conversion from 'double' to 'float', possible loss of data
C:\Users\krzy0\Documents\GitHub\Portfolio\ComputerGraphics\OpenGLTemplate\Game.cpp(633,31): warning C4244: '+=': conversion from 'double' to 'float', possible loss of data
C:\Users\krzy0\Documents\GitHub\Portfolio\ComputerGraphics\OpenGLTemplate\Game.cpp(639,31): warning C4244: '-=': conversion from 'double' to 'float', possible loss of data
C:\Users\krzy0\Documents\GitHub\Portfolio\ComputerGraphics\OpenGLTemplate\Game.cpp(646,31): warning C4244: '+=': conversion from 'double' to 'float', possible loss of data
C:\Users\krzy0\Documents\GitHub\Portfolio\ComputerGraphics\OpenGLTemplate\Game.cpp(652,31): warning C4244: '-=': conversion from 'double' to 'float', possible loss of data
C:\Users\krzy0\Documents\GitHub\Portfolio\ComputerGraphics\OpenGLTemplate\Game.cpp(755,50): warning C4834: discarding return value of function with [[nodiscard]] attribute
  GameWindow.cpp
  HeightMapTerrain.cpp
  HighResolutionTimer.cpp
  House.cpp
  MatrixStack.cpp
  OpenAssetImportMesh.cpp
  Pentagon.cpp
  Plane.cpp
  Player.cpp
C:\Users\krzy0\Documents\GitHub\Portfolio\ComputerGraphics\OpenGLTemplate\Player.cpp(32,17): warning C4244: 'argument': conversion from 'double' to 'float', possible loss of data
C:\Users\krzy0\Documents\GitHub\Portfolio\ComputerGraphics\OpenGLTemplate\Player.cpp(37,18): warning C4244: 'argument': conversion from 'double' to 'float', possible loss of data
  Shaders.cpp
  Skybox.cpp
  Sphere.cpp
  Texture.cpp
  Generating Code...
  Compiling...
  VertexBufferObject.cpp
  VertexBufferObjectIndexed.cpp
  Generating Code...
     Creating library C:\Users\krzy0\Documents\GitHub\Portfolio\ComputerGraphics\x64\Debug\OpenGLTemplate.lib and object C:\Users\krzy0\Documents\GitHub\Portfolio\ComputerGraphics\x64\Debug\OpenGLTemplate.exp
MSVCRTD.lib(initializers.obj) : warning LNK4098: defaultlib 'msvcrt.lib' conflicts with use of other libs; use /NODEFAULTLIB:library
  OpenGLTemplate.vcxproj -> C:\Users\krzy0\Documents\GitHub\Portfolio\ComputerGraphics\x64\Debug\OpenGLTemplate.exe
