c:\uniyear3\computergraphics\coursework\interim\template2022\template2022\opengltemplate\x64\debug\vc142.pdb
c:\uniyear3\computergraphics\coursework\interim\template2022\template2022\opengltemplate\x64\debug\vc142.idb
c:\uniyear3\computergraphics\coursework\interim\template2022\template2022\opengltemplate\x64\debug\vertexbufferobjectindexed.obj
c:\uniyear3\computergraphics\coursework\interim\template2022\template2022\opengltemplate\x64\debug\vertexbufferobject.obj
c:\uniyear3\computergraphics\coursework\interim\template2022\template2022\opengltemplate\x64\debug\texture.obj
c:\uniyear3\computergraphics\coursework\interim\template2022\template2022\opengltemplate\x64\debug\sphere.obj
c:\uniyear3\computergraphics\coursework\interim\template2022\template2022\opengltemplate\x64\debug\skybox.obj
c:\uniyear3\computergraphics\coursework\interim\template2022\template2022\opengltemplate\x64\debug\shaders.obj
c:\uniyear3\computergraphics\coursework\interim\template2022\template2022\opengltemplate\x64\debug\plane.obj
c:\uniyear3\computergraphics\coursework\interim\template2022\template2022\opengltemplate\x64\debug\openassetimportmesh.obj
c:\uniyear3\computergraphics\coursework\interim\template2022\template2022\opengltemplate\x64\debug\matrixstack.obj
c:\uniyear3\computergraphics\coursework\interim\template2022\template2022\opengltemplate\x64\debug\house.obj
c:\uniyear3\computergraphics\coursework\interim\template2022\template2022\opengltemplate\x64\debug\highresolutiontimer.obj
c:\uniyear3\computergraphics\coursework\interim\template2022\template2022\opengltemplate\x64\debug\gamewindow.obj
c:\uniyear3\computergraphics\coursework\interim\template2022\template2022\opengltemplate\x64\debug\game.obj
c:\uniyear3\computergraphics\coursework\interim\template2022\template2022\opengltemplate\x64\debug\freetypefont.obj
c:\uniyear3\computergraphics\coursework\interim\template2022\template2022\opengltemplate\x64\debug\cubemap.obj
c:\uniyear3\computergraphics\coursework\interim\template2022\template2022\opengltemplate\x64\debug\camera.obj
c:\uniyear3\computergraphics\coursework\interim\template2022\template2022\opengltemplate\x64\debug\audio.obj
c:\uniyear3\computergraphics\coursework\interim\template2022\template2022\opengltemplate\x64\debug\catmullrom.obj
c:\uniyear3\computergraphics\coursework\computergraphicsinterimcoursework\template2022\template2022\opengltemplate\x64\debug\vc142.pdb
c:\uniyear3\computergraphics\coursework\computergraphicsinterimcoursework\template2022\template2022\opengltemplate\x64\debug\vc142.idb
c:\uniyear3\computergraphics\coursework\computergraphicsinterimcoursework\template2022\template2022\opengltemplate\x64\debug\vertexbufferobjectindexed.obj
c:\uniyear3\computergraphics\coursework\computergraphicsinterimcoursework\template2022\template2022\opengltemplate\x64\debug\vertexbufferobject.obj
c:\uniyear3\computergraphics\coursework\computergraphicsinterimcoursework\template2022\template2022\opengltemplate\x64\debug\texture.obj
c:\uniyear3\computergraphics\coursework\computergraphicsinterimcoursework\template2022\template2022\opengltemplate\x64\debug\sphere.obj
c:\uniyear3\computergraphics\coursework\computergraphicsinterimcoursework\template2022\template2022\opengltemplate\x64\debug\skybox.obj
c:\uniyear3\computergraphics\coursework\computergraphicsinterimcoursework\template2022\template2022\opengltemplate\x64\debug\shaders.obj
c:\uniyear3\computergraphics\coursework\computergraphicsinterimcoursework\template2022\template2022\opengltemplate\x64\debug\plane.obj
c:\uniyear3\computergraphics\coursework\computergraphicsinterimcoursework\template2022\template2022\opengltemplate\x64\debug\openassetimportmesh.obj
c:\uniyear3\computergraphics\coursework\computergraphicsinterimcoursework\template2022\template2022\opengltemplate\x64\debug\matrixstack.obj
c:\uniyear3\computergraphics\coursework\computergraphicsinterimcoursework\template2022\template2022\opengltemplate\x64\debug\house.obj
c:\uniyear3\computergraphics\coursework\computergraphicsinterimcoursework\template2022\template2022\opengltemplate\x64\debug\highresolutiontimer.obj
c:\uniyear3\computergraphics\coursework\computergraphicsinterimcoursework\template2022\template2022\opengltemplate\x64\debug\gamewindow.obj
c:\uniyear3\computergraphics\coursework\computergraphicsinterimcoursework\template2022\template2022\opengltemplate\x64\debug\game.obj
c:\uniyear3\computergraphics\coursework\computergraphicsinterimcoursework\template2022\template2022\opengltemplate\x64\debug\freetypefont.obj
c:\uniyear3\computergraphics\coursework\computergraphicsinterimcoursework\template2022\template2022\opengltemplate\x64\debug\cubemap.obj
c:\uniyear3\computergraphics\coursework\computergraphicsinterimcoursework\template2022\template2022\opengltemplate\x64\debug\catmullrom.obj
c:\uniyear3\computergraphics\coursework\computergraphicsinterimcoursework\template2022\template2022\opengltemplate\x64\debug\camera.obj
c:\uniyear3\computergraphics\coursework\computergraphicsinterimcoursework\template2022\template2022\opengltemplate\x64\debug\audio.obj
c:\uniyear3\computergraphics\coursework\interim\template2022\template2022\x64\debug\opengltemplate.exe
c:\uniyear3\computergraphics\coursework\interim\template2022\template2022\opengltemplate\x64\debug\opengltemplate.ilk
c:\uniyear3\computergraphics\coursework\interim\template2022\template2022\x64\debug\opengltemplate.pdb
c:\uniyear3\computergraphics\coursework\computergraphicsinterimcoursework\template2022\template2022\x64\debug\opengltemplate.exe
c:\uniyear3\computergraphics\coursework\computergraphicsinterimcoursework\template2022\template2022\opengltemplate\x64\debug\opengltemplate.ilk
c:\uniyear3\computergraphics\coursework\computergraphicsinterimcoursework\template2022\template2022\x64\debug\opengltemplate.pdb
c:\uniyear3\computergraphics\coursework\interim\template2022\template2022\x64\debug\opengltemplate.lib
c:\uniyear3\computergraphics\coursework\interim\template2022\template2022\x64\debug\opengltemplate.exp
c:\uniyear3\computergraphics\coursework\computergraphicsinterimcoursework\template2022\template2022\x64\debug\opengltemplate.lib
c:\uniyear3\computergraphics\coursework\computergraphicsinterimcoursework\template2022\template2022\x64\debug\opengltemplate.exp
c:\uniyear3\computergraphics\coursework\computergraphicsinterimcoursework\template2022\template2022\opengltemplate\x64\debug\opengltemplate.tlog\cl.command.1.tlog
c:\uniyear3\computergraphics\coursework\computergraphicsinterimcoursework\template2022\template2022\opengltemplate\x64\debug\opengltemplate.tlog\cl.read.1.tlog
c:\uniyear3\computergraphics\coursework\computergraphicsinterimcoursework\template2022\template2022\opengltemplate\x64\debug\opengltemplate.tlog\cl.write.1.tlog
c:\uniyear3\computergraphics\coursework\computergraphicsinterimcoursework\template2022\template2022\opengltemplate\x64\debug\opengltemplate.tlog\link.command.1.tlog
c:\uniyear3\computergraphics\coursework\computergraphicsinterimcoursework\template2022\template2022\opengltemplate\x64\debug\opengltemplate.tlog\link.read.1.tlog
c:\uniyear3\computergraphics\coursework\computergraphicsinterimcoursework\template2022\template2022\opengltemplate\x64\debug\opengltemplate.tlog\link.write.1.tlog
c:\uniyear3\computergraphics\coursework\computergraphicsinterimcoursework\template2022\template2022\opengltemplate\x64\debug\opengltemplate.tlog\opengltemplate.write.1u.tlog
